<?xml version="1.0" encoding="UTF-8" ?>
<testsuites>
<testsuite name="Enrollment" errors="0" tests="1" failures="1" time="0" timestamp="2015-07-21T16:08:27">
  <testcase classname="Enrollment" name="Enroll tony1 as an instructor in course Java" time="NaN"><failure type="expect" message="ElementNotVisibleError: element not visible
  (Session info: chrome=43.0.2357.81)
  (Driver info: chromedriver=2.14.313457 (3d645c400edf2e2c500566c9aa096063e707c9cf),platform=Mac OS X 10.10.4 x86_64) (WARNING: The server did not provide any stacktrace information)
Command duration or timeout: 34 milliseconds
Build info: version: &amp;apos;2.45.0&amp;apos;, revision: &amp;apos;5017cb8&amp;apos;, time: &amp;apos;2015-02-26 23:59:50&amp;apos;
System info: host: &amp;apos;tony-mbp&amp;apos;, ip: &amp;apos;127.0.0.1&amp;apos;, os.name: &amp;apos;Mac OS X&amp;apos;, os.arch: &amp;apos;x86_64&amp;apos;, os.version: &amp;apos;10.10.4&amp;apos;, java.version: &amp;apos;1.7.0_75&amp;apos;
Session ID: db359e6d9d9a632a320947bb57389ecb
Driver info: org.openqa.selenium.chrome.ChromeDriver
Capabilities [{platform=MAC, acceptSslCerts=true, javascriptEnabled=true, browserName=chrome, chrome={userDataDir=/var/folders/ty/4pcbjgpj7w1dw3sw6kcjqg21brksjf/T/.org.chromium.Chromium.Tcie0x}, rotatable=false, locationContextEnabled=true, mobileEmulationEnabled=false, version=43.0.2357.81, takesHeapSnapshot=true, cssSelectorsEnabled=true, databaseEnabled=false, handlesAlerts=true, browserConnectionEnabled=false, webStorageEnabled=true, nativeEvents=true, applicationCacheEnabled=false, takesScreenshot=true}]">ElementNotVisibleError: element not visible
  (Session info: chrome=43.0.2357.81)
  (Driver info: chromedriver=2.14.313457 (3d645c400edf2e2c500566c9aa096063e707c9cf),platform=Mac OS X 10.10.4 x86_64) (WARNING: The server did not provide any stacktrace information)
Command duration or timeout: 34 milliseconds
Build info: version: &amp;apos;2.45.0&amp;apos;, revision: &amp;apos;5017cb8&amp;apos;, time: &amp;apos;2015-02-26 23:59:50&amp;apos;
System info: host: &amp;apos;tony-mbp&amp;apos;, ip: &amp;apos;127.0.0.1&amp;apos;, os.name: &amp;apos;Mac OS X&amp;apos;, os.arch: &amp;apos;x86_64&amp;apos;, os.version: &amp;apos;10.10.4&amp;apos;, java.version: &amp;apos;1.7.0_75&amp;apos;
Session ID: db359e6d9d9a632a320947bb57389ecb
Driver info: org.openqa.selenium.chrome.ChromeDriver
Capabilities [{platform=MAC, acceptSslCerts=true, javascriptEnabled=true, browserName=chrome, chrome={userDataDir=/var/folders/ty/4pcbjgpj7w1dw3sw6kcjqg21brksjf/T/.org.chromium.Chromium.Tcie0x}, rotatable=false, locationContextEnabled=true, mobileEmulationEnabled=false, version=43.0.2357.81, takesHeapSnapshot=true, cssSelectorsEnabled=true, databaseEnabled=false, handlesAlerts=true, browserConnectionEnabled=false, webStorageEnabled=true, nativeEvents=true, applicationCacheEnabled=false, takesScreenshot=true}]
    at new bot.Error (/usr/local/lib/node_modules/protractor/node_modules/selenium-webdriver/lib/atoms/error.js:113:18)
    at Object.bot.response.checkResponse (/usr/local/lib/node_modules/protractor/node_modules/selenium-webdriver/lib/atoms/response.js:106:9)
    at /usr/local/lib/node_modules/protractor/node_modules/selenium-webdriver/lib/webdriver/webdriver.js:377:20
    at [object Object].promise.ControlFlow.runInFrame_ (/usr/local/lib/node_modules/protractor/node_modules/selenium-webdriver/lib/webdriver/promise.js:1877:20)
    at [object Object].promise.Callback_.goog.defineClass.notify (/usr/local/lib/node_modules/protractor/node_modules/selenium-webdriver/lib/webdriver/promise.js:2464:25)
    at [object Object].promise.Promise.notify_ (/usr/local/lib/node_modules/protractor/node_modules/selenium-webdriver/lib/webdriver/promise.js:563:12)
    at Array.forEach (native)
    at Object.goog.array.forEach (/usr/local/lib/node_modules/protractor/node_modules/selenium-webdriver/lib/goog/array/array.js:203:43)
    at [object Object].promise.Promise.notifyAll_ (/usr/local/lib/node_modules/protractor/node_modules/selenium-webdriver/lib/webdriver/promise.js:552:16)
    at goog.async.run.processWorkQueue (/usr/local/lib/node_modules/protractor/node_modules/selenium-webdriver/lib/goog/async/run.js:125:21)
Error
    at [object Object].ElementArrayFinder.applyAction_ (/usr/local/lib/node_modules/protractor/lib/element.js:403:21)
    at [object Object].self.(anonymous function) [as click] (/usr/local/lib/node_modules/protractor/lib/element.js:76:19)
    at [object Object].self.(anonymous function) [as click] (/usr/local/lib/node_modules/protractor/lib/element.js:733:11)
    at [object Object].&amp;lt;anonymous&amp;gt; (/Users/tfeng/Desktop/protractor/enrollment.js:56:46)
    at /usr/local/lib/node_modules/protractor/node_modules/jasminewd/index.js:94:14
    at [object Object].promise.ControlFlow.runInFrame_ (/usr/local/lib/node_modules/protractor/node_modules/selenium-webdriver/lib/webdriver/promise.js:1877:20)
    at [object Object].promise.ControlFlow.runEventLoop_ (/usr/local/lib/node_modules/protractor/node_modules/selenium-webdriver/lib/webdriver/promise.js:1755:8)
    at [object Object].&amp;lt;anonymous&amp;gt; (/usr/local/lib/node_modules/protractor/node_modules/selenium-webdriver/lib/webdriver/promise.js:2056:12)
    at goog.async.run.processWorkQueue (/usr/local/lib/node_modules/protractor/node_modules/selenium-webdriver/lib/goog/async/run.js:125:21)
From: Task: Asynchronous test function: it()
    at [object Object].&amp;lt;anonymous&amp;gt; (/usr/local/lib/node_modules/protractor/node_modules/jasminewd/index.js:93:33)
    at [object Object].&amp;lt;anonymous&amp;gt; (/usr/local/lib/node_modules/protractor/node_modules/minijasminenode/lib/async-callback.js:45:37)
    at [object Object].jasmine.Block.execute (/usr/local/lib/node_modules/protractor/node_modules/minijasminenode/lib/jasmine-1.3.1.js:1174:17)
    at [object Object].jasmine.Queue.next_ (/usr/local/lib/node_modules/protractor/node_modules/minijasminenode/lib/jasmine-1.3.1.js:2209:31)
    at [object Object]._onTimeout (/usr/local/lib/node_modules/protractor/node_modules/minijasminenode/lib/jasmine-1.3.1.js:2199:18)
    at Timer.listOnTimeout (timers.js:110:15)==== async task ====
Error
    at [object Object].&amp;lt;anonymous&amp;gt; (/Users/tfeng/Desktop/protractor/enrollment.js:16:5)
    at [object Object].jasmine.Env.describe_ (/usr/local/lib/node_modules/protractor/node_modules/minijasminenode/lib/jasmine-1.3.1.js:913:21)
    at [object Object].jasmine.Env.describe (/usr/local/lib/node_modules/protractor/node_modules/minijasminenode/lib/jasmine-1.3.1.js:898:15)
    at describe (/usr/local/lib/node_modules/protractor/node_modules/minijasminenode/lib/jasmine-1.3.1.js:658:27)
    at Object.&amp;lt;anonymous&amp;gt; (/Users/tfeng/Desktop/protractor/enrollment.js:5:1)
    at Module._compile (module.js:460:26)
    at Object.Module._extensions..js (module.js:478:10)
    at Module.load (module.js:355:32)
    at Function.Module._load (module.js:310:12)</failure></testcase>
</testsuite>
</testsuites>